[21:25:43] [main/INFO] (com.netherbyte.pizzashopsimulator.client.main.Desktop) Creating new window
[21:25:43] [main/INFO] (com.netherbyte.pizzashopsimulator.client.main.Desktop) Using LWJGL 3.3.2+13
[21:25:43] [main/INFO] (com.netherbyte.pizzashopsimulator.client.main.Desktop) Using LibGDX 1.12.0
[21:25:43] [main/INFO] (com.netherbyte.pizzashopsimulator.client.main.Initializer) Starting Pizza Shop Simulator 1.1.0-dev.1
[21:25:43] [main/INFO] (com.netherbyte.pizzashopsimulator.registry.Registries) Initializing registries
[21:25:43] [main/INFO] (com.netherbyte.pizzashopsimulator.registry.Registries) Initialized registries
[21:25:43] [main/INFO] (com.netherbyte.pizzashopsimulator.item.Items) Registering items
[21:25:43] [main/INFO] (com.netherbyte.pizzashopsimulator.registry.Registry) Adding registry object: pizzashopsimulator:dough
[21:25:43] [main/INFO] (com.netherbyte.pizzashopsimulator.registry.Registry) Adding registry object: pizzashopsimulator:sauce
[21:25:43] [main/INFO] (com.netherbyte.pizzashopsimulator.registry.Registry) Adding registry object: pizzashopsimulator:cheese
[21:25:43] [main/INFO] (com.netherbyte.pizzashopsimulator.registry.Registry) Adding registry object: pizzashopsimulator:pepperoni
[21:25:43] [main/INFO] (com.netherbyte.pizzashopsimulator.block.Blocks) Registering blocks
[21:25:43] [main/INFO] (com.netherbyte.pizzashopsimulator.registry.Registry) Adding registry object: pizzashopsimulator:oven
[21:25:43] [main/INFO] (com.netherbyte.pizzashopsimulator.client.main.Initializer) Initialization stage complete
[21:25:44] [Lwjgl3 Application/INFO] (com.netherbyte.pizzashopsimulator.client.main.Initializer) Beginning post initialization stage
[21:25:44] [Lwjgl3 Application/WARN] (com.netherbyte.pizzashopsimulator.client.main.Initializer) Missing texture: pizzashopsimulator:oven (Not checking for block states)
[21:25:44] [Lwjgl3 Application/INFO] (com.netherbyte.pizzashopsimulator.client.main.Initializer) Post initialization stage complete
[21:26:05] [Lwjgl3 Application/WARN] (com.netherbyte.pizzashopsimulator.sound.SoundManager) Missing sound found
[21:26:40] [main/INFO] (com.netherbyte.pizzashopsimulator.client.main.Shutdown) Shutting down
[21:26:40] [main/INFO] (com.netherbyte.pizzashopsimulator.client.main.Shutdown) Cleaning up sounds
[21:26:40] [main/INFO] (com.netherbyte.pizzashopsimulator.client.main.Shutdown) Game has been shut down
